生成启动时间为 2022/6/23 17:10:24。
     1>项目“E:\外骨骼\chai3d\chai3d-3.2.0\CHAI3D-VS2012.vcxproj”在节点 2 上(Build 个目标)。
     1>ClCompile:
         E:\VS2012\VC\bin\x86_amd64\CL.exe /c /Isrc /Iexternal/Eigen /Iexternal/lib3ds/include /Iexternal/libjpeg/include /Iexternal/libpng/include /Iexternal/giflib/include /Iexternal/glew/include /Iexternal/pugixml/include /Iexternal/openal/include /Iexternal/openal/OpenAL32/Include /Iexternal/openal/Alc /Iexternal/theoraplayer/include/theoraplayer /Iexternal/theoraplayer/src/Theora /Iexternal/theoraplayer/src/YUV/C /Iexternal/theoraplayer/external/ogg/include /Iexternal/theoraplayer/external/vorbis/include /Iexternal/theoraplayer/external/vorbis/lib /Iexternal/theoraplayer/external/theora/include /Iexternal/theoraplayer/external/theora/lib /nologo /W3 /WX- /MP /Ox /Ob2 /Oi /Ot /Oy /GT /D GLEW_STATIC /D AL_ALEXT_PROTOTYPES /D AL_BUILD_LIBRARY /D AL_LIBTYPE_STATIC /D __THEORA /D WIN64 /D NDEBUG /D _MSVC /D _LIB /D _CRT_SECURE_NO_DEPRECATE /D _VC80_UPGRADE=0x0710 /D _MBCS /GF /Gm- /EHsc /MD /GS- /Gy- /fp:precise /Zc:wchar_t /Zc:forScope /GR /Fo"obj/Release/x64/" /Gd /TC /wd4267 /wd4244 /wd4800 /wd4996 /wd4101 /wd4013 /wd4018 /errorReport:prompt /MP external/giflib/src/dev2gif.c external/giflib/src/dgif_lib.c external/giflib/src/egif_lib.c external/giflib/src/getarg.c external/giflib/src/gifalloc.c external/giflib/src/gif_err.c external/giflib/src/gif_font.c external/giflib/src/gif_hash.c external/giflib/src/qprintf.c external/giflib/src/quantize.c external/glew/src/glew.c external/lib3ds/src/lib3ds_atmosphere.c external/lib3ds/src/lib3ds_background.c external/lib3ds/src/lib3ds_camera.c external/lib3ds/src/lib3ds_chunk.c external/lib3ds/src/lib3ds_chunktable.c external/lib3ds/src/lib3ds_file.c external/lib3ds/src/lib3ds_io.c external/lib3ds/src/lib3ds_light.c external/lib3ds/src/lib3ds_material.c external/lib3ds/src/lib3ds_math.c external/lib3ds/src/lib3ds_matrix.c external/lib3ds/src/lib3ds_mesh.c external/lib3ds/src/lib3ds_node.c external/lib3ds/src/lib3ds_quat.c external/lib3ds/src/lib3ds_shadow.c external/lib3ds/src/lib3ds_track.c external/lib3ds/src/lib3ds_util.c external/lib3ds/src/lib3ds_vector.c external/lib3ds/src/lib3ds_viewport.c external/libjpeg/src/jaricom.c external/libjpeg/src/jcapimin.c external/libjpeg/src/jcapistd.c external/libjpeg/src/jcarith.c external/libjpeg/src/jccoefct.c external/libjpeg/src/jccolor.c external/libjpeg/src/jcdctmgr.c external/libjpeg/src/jchuff.c external/libjpeg/src/jcinit.c external/libjpeg/src/jcmainct.c external/libjpeg/src/jcmarker.c external/libjpeg/src/jcmaster.c external/libjpeg/src/jcomapi.c external/libjpeg/src/jcparam.c external/libjpeg/src/jcprepct.c external/libjpeg/src/jcsample.c external/libjpeg/src/jctrans.c external/libjpeg/src/jdapimin.c external/libjpeg/src/jdapistd.c external/libjpeg/src/jdarith.c external/libjpeg/src/jdatadst.c external/libjpeg/src/jdatasrc.c external/libjpeg/src/jdcoefct.c external/libjpeg/src/jdcolor.c external/libjpeg/src/jddctmgr.c external/libjpeg/src/jdhuff.c external/libjpeg/src/jdinput.c external/libjpeg/src/jdmainct.c external/libjpeg/src/jdmarker.c external/libjpeg/src/jdmaster.c external/libjpeg/src/jdmerge.c external/libjpeg/src/jdpostct.c external/libjpeg/src/jdsample.c external/libjpeg/src/jdtrans.c external/libjpeg/src/jerror.c external/libjpeg/src/jfdctflt.c external/libjpeg/src/jfdctfst.c external/libjpeg/src/jfdctint.c external/libjpeg/src/jidctflt.c external/libjpeg/src/jidctfst.c external/libjpeg/src/jidctint.c external/libjpeg/src/jmemansi.c external/libjpeg/src/jmemmgr.c external/libjpeg/src/jmemnobs.c external/libjpeg/src/jquant1.c external/libjpeg/src/jquant2.c external/libjpeg/src/jutils.c external/libpng/src/adler32.c external/libpng/src/compress.c external/libpng/src/crc32.c external/libpng/src/deflate.c external/libpng/src/gzclose.c external/libpng/src/gzlib.c external/libpng/src/gzread.c external/libpng/src/gzwrite.c external/libpng/src/infback.c external/libpng/src/inffast.c external/libpng/src/inflate.c external/libpng/src/inftrees.c external/libpng/src/png.c external/libpng/src/pngerror.c external/libpng/src/pngget.c external/libpng/src/pngmem.c external/libpng/src/pngpread.c external/libpng/src/pngread.c external/libpng/src/pngrio.c external/libpng/src/pngrtran.c external/libpng/src/pngrutil.c external/libpng/src/pngset.c external/libpng/src/pngtrans.c external/libpng/src/pngwio.c external/libpng/src/pngwrite.c external/libpng/src/pngwtran.c external/libpng/src/pngwutil.c external/libpng/src/trees.c external/libpng/src/uncompr.c external/libpng/src/zutil.c external/openal/Alc/ALc.c external/openal/Alc/alcConfig.c external/openal/Alc/alcDedicated.c external/openal/Alc/alcEcho.c external/openal/Alc/alcModulator.c external/openal/Alc/alcReverb.c external/openal/Alc/alcRing.c external/openal/Alc/alcThread.c external/openal/Alc/ALu.c external/openal/Alc/backends/dsound.c external/openal/Alc/backends/loopback.c external/openal/Alc/backends/mmdevapi.c external/openal/Alc/backends/null.c external/openal/Alc/backends/wave.c external/openal/Alc/backends/winmm.c external/openal/Alc/bs2b.c external/openal/Alc/helpers.c external/openal/Alc/hrtf.c external/openal/Alc/mixer.c external/openal/Alc/mixer_c.c external/openal/Alc/mixer_sse.c external/openal/Alc/panning.c external/openal/OpenAL32/alAuxEffectSlot.c external/openal/OpenAL32/alBuffer.c external/openal/OpenAL32/alEffect.c external/openal/OpenAL32/alError.c external/openal/OpenAL32/alExtension.c external/openal/OpenAL32/alFilter.c external/openal/OpenAL32/alListener.c external/openal/OpenAL32/alSource.c external/openal/OpenAL32/alState.c external/openal/OpenAL32/alThunk.c external/theoraplayer/external/ogg/src/bitwise.c external/theoraplayer/external/ogg/src/framing.c external/theoraplayer/external/theora/lib/analyze.c external/theoraplayer/external/theora/lib/apiwrapper.c external/theoraplayer/external/theora/lib/bitpack.c external/theoraplayer/external/theora/lib/collect.c external/theoraplayer/external/theora/lib/decapiwrapper.c external/theoraplayer/external/theora/lib/decinfo.c external/theoraplayer/external/theora/lib/decode.c external/theoraplayer/external/theora/lib/dequant.c external/theoraplayer/external/theora/lib/encapiwrapper.c external/theoraplayer/external/theora/lib/encfrag.c external/theoraplayer/external/theora/lib/encinfo.c external/theoraplayer/external/theora/lib/encode.c external/theoraplayer/external/theora/lib/encoder_disabled.c external/theoraplayer/external/theora/lib/enquant.c external/theoraplayer/external/theora/lib/fdct.c external/theoraplayer/external/theora/lib/fragment.c external/theoraplayer/external/theora/lib/huffdec.c external/theoraplayer/external/theora/lib/huffenc.c external/theoraplayer/external/theora/lib/idct.c external/theoraplayer/external/theora/lib/infot.c external/theoraplayer/external/theora/lib/internal.c external/theoraplayer/external/theora/lib/mathops.c external/theoraplayer/external/theora/lib/mcenc.c external/theoraplayer/external/theora/lib/quant.c external/theoraplayer/external/theora/lib/rate.c external/theoraplayer/external/theora/lib/state.c external/theoraplayer/external/theora/lib/tokenize.c external/theoraplayer/external/theora/lib/x86_vc/mmxencfrag.c external/theoraplayer/external/theora/lib/x86_vc/mmxfdct.c external/theoraplayer/external/theora/lib/x86_vc/mmxfrag.c external/theoraplayer/external/theora/lib/x86_vc/mmxidct.c external/theoraplayer/external/theora/lib/x86_vc/mmxstate.c external/theoraplayer/external/theora/lib/x86_vc/x86cpu.c external/theoraplayer/external/theora/lib/x86_vc/x86enc.c external/theoraplayer/external/theora/lib/x86_vc/x86state.c external/theoraplayer/external/vorbis/lib/analysis.c external/theoraplayer/external/vorbis/lib/bitrate.c external/theoraplayer/external/vorbis/lib/block.c external/theoraplayer/external/vorbis/lib/codebook.c external/theoraplayer/external/vorbis/lib/envelope.c external/theoraplayer/external/vorbis/lib/floor0.c external/theoraplayer/external/vorbis/lib/floor1.c external/theoraplayer/external/vorbis/lib/info.c external/theoraplayer/external/vorbis/lib/lookup.c external/theoraplayer/external/vorbis/lib/lpc.c external/theoraplayer/external/vorbis/lib/lsp.c external/theoraplayer/external/vorbis/lib/mapping0.c external/theoraplayer/external/vorbis/lib/mdct.c external/theoraplayer/external/vorbis/lib/psy.c external/theoraplayer/external/vorbis/lib/registry.c external/theoraplayer/external/vorbis/lib/res0.c external/theoraplayer/external/vorbis/lib/sharedbook.c external/theoraplayer/external/vorbis/lib/smallft.c external/theoraplayer/external/vorbis/lib/synthesis.c external/theoraplayer/external/vorbis/lib/vorbisenc.c external/theoraplayer/external/vorbis/lib/vorbisfile.c external/theoraplayer/external/vorbis/lib/window.c external/theoraplayer/src/YUV/C/yuv420_grey_c.c external/theoraplayer/src/YUV/C/yuv420_rgb_c.c external/theoraplayer/src/YUV/C/yuv420_yuv_c.c external/theoraplayer/src/YUV/C/yuv_util.c
         dev2gif.c
         dgif_lib.c
         egif_lib.c
         getarg.c
         gifalloc.c
         gif_err.c
         gif_font.c
         gif_hash.c
         qprintf.c
         quantize.c
         glew.c
         lib3ds_atmosphere.c
         lib3ds_background.c
         lib3ds_camera.c
         lib3ds_chunk.c
         lib3ds_chunktable.c
         lib3ds_file.c
         lib3ds_io.c
         lib3ds_light.c
         lib3ds_material.c
         lib3ds_math.c
         lib3ds_matrix.c
         lib3ds_mesh.c
         lib3ds_node.c
         lib3ds_quat.c
         lib3ds_shadow.c
         lib3ds_track.c
         lib3ds_util.c
         lib3ds_vector.c
         lib3ds_viewport.c
         jaricom.c
         jcapimin.c
         jcapistd.c
         jcarith.c
         jccoefct.c
         jccolor.c
         jcdctmgr.c
         jchuff.c
         jcinit.c
         jcmainct.c
         jcmarker.c
         jcmaster.c
         jcomapi.c
         jcparam.c
         jcprepct.c
         jcsample.c
         jctrans.c
         jdapimin.c
         jdarith.c
         jdapistd.c
         jdatadst.c
         jdatasrc.c
         jdcoefct.c
         jdcolor.c
         jddctmgr.c
         jdhuff.c
         jdinput.c
         jdmainct.c
         jdmarker.c
         jdmaster.c
         jdmerge.c
         jdpostct.c
         jdsample.c
         jdtrans.c
         jerror.c
         jfdctflt.c
         jfdctfst.c
         jfdctint.c
         jidctflt.c
         jidctfst.c
         jidctint.c
         jmemansi.c
         jmemmgr.c
         jmemnobs.c
         jquant1.c
         jquant2.c
         jutils.c
         adler32.c
         compress.c
         crc32.c
         deflate.c
         gzclose.c
         gzlib.c
         gzread.c
         gzwrite.c
         infback.c
         inffast.c
         inflate.c
         inftrees.c
         png.c
         pngerror.c
         pngget.c
         pngmem.c
         pngpread.c
         pngread.c
         pngrio.c
         pngrtran.c
         pngrutil.c
         pngset.c
         pngtrans.c
         pngwio.c
         pngwrite.c
         pngwtran.c
         pngwutil.c
         trees.c
         uncompr.c
         zutil.c
         ALc.c
         alcConfig.c
         alcDedicated.c
         alcEcho.c
         alcModulator.c
         alcReverb.c
         alcRing.c
         alcThread.c
         ALu.c
         dsound.c
         loopback.c
         mmdevapi.c
         null.c
         wave.c
         winmm.c
         bs2b.c
         helpers.c
         hrtf.c
         mixer.c
         mixer_c.c
         mixer_sse.c
         panning.c
         alAuxEffectSlot.c
         alBuffer.c
         alEffect.c
         alError.c
         alExtension.c
         alFilter.c
         alListener.c
         alSource.c
         alState.c
         alThunk.c
         bitwise.c
         framing.c
         analyze.c
         apiwrapper.c
         bitpack.c
         collect.c
         decapiwrapper.c
         decinfo.c
         decode.c
         dequant.c
         encapiwrapper.c
         encfrag.c
         encinfo.c
         encode.c
         encoder_disabled.c
         enquant.c
         fdct.c
         fragment.c
         huffdec.c
         huffenc.c
         idct.c
         infot.c
         internal.c
         mathops.c
         mcenc.c
         quant.c
         rate.c
         state.c
         tokenize.c
         mmxencfrag.c
         mmxfdct.c
         mmxfrag.c
         mmxidct.c
         mmxstate.c
         x86cpu.c
         x86enc.c
         x86state.c
         analysis.c
         bitrate.c
         block.c
         codebook.c
         envelope.c
         floor0.c
         floor1.c
         info.c
         lookup.c
         lpc.c
         lsp.c
         mapping0.c
         mdct.c
         psy.c
         registry.c
         res0.c
         sharedbook.c
         smallft.c
         synthesis.c
         vorbisenc.c
         vorbisfile.c
         window.c
         yuv420_grey_c.c
         yuv420_rgb_c.c
         yuv420_yuv_c.c
         yuv_util.c
         E:\VS2012\VC\bin\x86_amd64\CL.exe /c /Isrc /Iexternal/Eigen /Iexternal/lib3ds/include /Iexternal/libjpeg/include /Iexternal/libpng/include /Iexternal/giflib/include /Iexternal/glew/include /Iexternal/pugixml/include /Iexternal/openal/include /Iexternal/openal/OpenAL32/Include /Iexternal/openal/Alc /Iexternal/theoraplayer/include/theoraplayer /Iexternal/theoraplayer/src/Theora /Iexternal/theoraplayer/src/YUV/C /Iexternal/theoraplayer/external/ogg/include /Iexternal/theoraplayer/external/vorbis/include /Iexternal/theoraplayer/external/vorbis/lib /Iexternal/theoraplayer/external/theora/include /Iexternal/theoraplayer/external/theora/lib /nologo /W3 /WX- /MP /Ox /Ob2 /Oi /Ot /Oy /GT /D GLEW_STATIC /D AL_ALEXT_PROTOTYPES /D AL_BUILD_LIBRARY /D AL_LIBTYPE_STATIC /D __THEORA /D WIN64 /D NDEBUG /D _MSVC /D _LIB /D _CRT_SECURE_NO_DEPRECATE /D _VC80_UPGRADE=0x0710 /D _MBCS /GF /Gm- /EHsc /MD /GS- /Gy- /fp:precise /Zc:wchar_t /Zc:forScope /GR /Fo"obj/Release/x64/" /Gd /TP /wd4267 /wd4244 /wd4800 /wd4996 /wd4101 /wd4013 /wd4018 /errorReport:prompt /MP external/pugixml/src/pugixml.cpp external/theoraplayer/src/OpenAL_AudioInterface.cpp external/theoraplayer/src/TheoraAsync.cpp external/theoraplayer/src/TheoraAudioInterface.cpp external/theoraplayer/src/TheoraAudioPacketQueue.cpp external/theoraplayer/src/TheoraDataSource.cpp external/theoraplayer/src/TheoraException.cpp external/theoraplayer/src/TheoraFrameQueue.cpp external/theoraplayer/src/TheoraTimer.cpp external/theoraplayer/src/TheoraUtil.cpp external/theoraplayer/src/TheoraVideoClip.cpp external/theoraplayer/src/TheoraVideoFrame.cpp external/theoraplayer/src/TheoraVideoManager.cpp external/theoraplayer/src/TheoraWorkerThread.cpp external/theoraplayer/src/Theora/TheoraVideoClip_Theora.cpp src/audio/CAudioBuffer.cpp src/audio/CAudioDevice.cpp src/audio/CAudioSource.cpp src/collisions/CCollisionAABB.cpp src/collisions/CCollisionAABBTree.cpp src/collisions/CCollisionBrute.cpp src/collisions/CGenericCollision.cpp src/devices/CDeltaDevices.cpp src/devices/CGenericDevice.cpp src/devices/CGenericHapticDevice.cpp src/devices/CHapticDeviceHandler.cpp src/devices/CLeapDevices.cpp src/devices/CMyCustomDevice.cpp src/devices/CPhantomDevices.cpp src/devices/CSixenseDevices.cpp src/display/CCamera.cpp src/display/CFrameBuffer.cpp src/effects/CEffectMagnet.cpp src/effects/CEffectStickSlip.cpp src/effects/CEffectSurface.cpp src/effects/CEffectVibration.cpp src/effects/CEffectViscosity.cpp src/effects/CGenericEffect.cpp src/files/CFileAudioWAV.cpp src/files/CFileImageBMP.cpp src/files/CFileImageGIF.cpp src/files/CFileImageJPG.cpp src/files/CFileImagePNG.cpp src/files/CFileImagePPM.cpp src/files/CFileImageRAW.cpp src/files/CFileModel3DS.cpp src/files/CFileModelOBJ.cpp src/files/CFileModelSTL.cpp src/files/CFileXML.cpp src/forces/CAlgorithmFingerProxy.cpp src/forces/CAlgorithmPotentialField.cpp src/forces/CGenericForceAlgorithm.cpp src/graphics/CColor.cpp src/graphics/CDisplayList.cpp src/graphics/CDraw3D.cpp src/graphics/CFog.cpp src/graphics/CFont.cpp src/graphics/CImage.cpp src/graphics/CMultiImage.cpp src/graphics/CPointArray.cpp src/graphics/CPrimitives.cpp src/graphics/CSegmentArray.cpp src/graphics/CTriangleArray.cpp src/graphics/CVideo.cpp src/lighting/CDirectionalLight.cpp src/lighting/CGenericLight.cpp src/lighting/CPositionalLight.cpp src/lighting/CShadowMap.cpp src/lighting/CSpotLight.cpp src/materials/CMaterial.cpp src/materials/CNormalMap.cpp src/materials/CTexture1d.cpp src/materials/CTexture2d.cpp src/materials/CTexture3d.cpp src/materials/CTextureVideo.cpp src/shaders/CShader.cpp src/shaders/CShaderProgram.cpp src/system/CGlobals.cpp src/system/CMutex.cpp src/system/CString.cpp src/system/CThread.cpp src/timers/CFrequencyCounter.cpp src/timers/CPrecisionClock.cpp src/tools/CGenericTool.cpp src/tools/CHapticPoint.cpp src/tools/CToolCursor.cpp src/tools/CToolGripper.cpp src/widgets/CBackground.cpp src/widgets/CBitmap.cpp src/widgets/CDial.cpp src/widgets/CGenericWidget.cpp src/widgets/CLabel.cpp src/widgets/CLevel.cpp src/widgets/CPanel.cpp src/widgets/CScope.cpp src/widgets/CViewPanel.cpp src/world/CGenericObject.cpp src/world/CMesh.cpp src/world/CMultiMesh.cpp src/world/CMultiPoint.cpp src/world/CMultiSegment.cpp src/world/CShapeBox.cpp src/world/CShapeCylinder.cpp src/world/CShapeLine.cpp src/world/CShapeSphere.cpp src/world/CShapeTorus.cpp src/world/CVoxelObject.cpp src/world/CWorld.cpp src\world\CShapeEllipsoid.cpp
         pugixml.cpp
         OpenAL_AudioInterface.cpp
         TheoraAsync.cpp
         TheoraAudioInterface.cpp
         TheoraAudioPacketQueue.cpp
         TheoraDataSource.cpp
         TheoraException.cpp
         TheoraFrameQueue.cpp
         TheoraTimer.cpp
         TheoraUtil.cpp
         TheoraVideoClip.cpp
         TheoraVideoFrame.cpp
         TheoraVideoManager.cpp
         TheoraWorkerThread.cpp
         TheoraVideoClip_Theora.cpp
         CAudioBuffer.cpp
         CAudioDevice.cpp
         CAudioSource.cpp
         CCollisionAABB.cpp
         CCollisionAABBTree.cpp
         CCollisionBrute.cpp
         CGenericCollision.cpp
         CDeltaDevices.cpp
         CGenericDevice.cpp
         CGenericHapticDevice.cpp
         CHapticDeviceHandler.cpp
         CLeapDevices.cpp
         CMyCustomDevice.cpp
         CPhantomDevices.cpp
         CSixenseDevices.cpp
         CCamera.cpp
         CFrameBuffer.cpp
         CEffectMagnet.cpp
         CEffectStickSlip.cpp
         CEffectSurface.cpp
         CEffectVibration.cpp
         CEffectViscosity.cpp
         CGenericEffect.cpp
         CFileAudioWAV.cpp
         CFileImageBMP.cpp
         CFileImageGIF.cpp
         CFileImageJPG.cpp
         CFileImagePNG.cpp
         CFileImagePPM.cpp
         CFileImageRAW.cpp
         CFileModel3DS.cpp
         CFileModelOBJ.cpp
         CFileModelSTL.cpp
         CFileXML.cpp
         CAlgorithmFingerProxy.cpp
         CAlgorithmPotentialField.cpp
         CGenericForceAlgorithm.cpp
         CColor.cpp
         CDisplayList.cpp
         CDraw3D.cpp
         CFog.cpp
         CFont.cpp
         CImage.cpp
         CMultiImage.cpp
         CPointArray.cpp
         CPrimitives.cpp
         CSegmentArray.cpp
         CTriangleArray.cpp
         CVideo.cpp
         CDirectionalLight.cpp
         CGenericLight.cpp
         CPositionalLight.cpp
         CShadowMap.cpp
         CSpotLight.cpp
         CMaterial.cpp
         CNormalMap.cpp
         CTexture1d.cpp
         CTexture2d.cpp
         CTexture3d.cpp
         CTextureVideo.cpp
         CShader.cpp
         CShaderProgram.cpp
         CGlobals.cpp
         CMutex.cpp
         CString.cpp
         CThread.cpp
         CFrequencyCounter.cpp
         CPrecisionClock.cpp
         CGenericTool.cpp
         CHapticPoint.cpp
         CToolCursor.cpp
         CToolGripper.cpp
         CBackground.cpp
         CBitmap.cpp
         CDial.cpp
         CGenericWidget.cpp
         CLabel.cpp
         CLevel.cpp
         CPanel.cpp
         CScope.cpp
         CViewPanel.cpp
         CGenericObject.cpp
         CMesh.cpp
         CMultiMesh.cpp
         CMultiPoint.cpp
         CMultiSegment.cpp
         CShapeBox.cpp
         CShapeCylinder.cpp
         CShapeLine.cpp
         CShapeSphere.cpp
         CShapeTorus.cpp
         CVoxelObject.cpp
         CWorld.cpp
         CShapeEllipsoid.cpp
       Lib:
         E:\VS2012\VC\bin\x86_amd64\Lib.exe /OUT:"lib/Release/x64/chai3d.lib" Winmm.lib /NOLOGO /MACHINE:X64 /NODEFAULTLIB:libmmd.lib  /ignore:4006,4221 obj/Release/x64/dev2gif.obj
         obj/Release/x64/dgif_lib.obj
         obj/Release/x64/egif_lib.obj
         obj/Release/x64/getarg.obj
         obj/Release/x64/gifalloc.obj
         obj/Release/x64/gif_err.obj
         obj/Release/x64/gif_font.obj
         obj/Release/x64/gif_hash.obj
         obj/Release/x64/qprintf.obj
         obj/Release/x64/quantize.obj
         obj/Release/x64/glew.obj
         obj/Release/x64/lib3ds_atmosphere.obj
         obj/Release/x64/lib3ds_background.obj
         obj/Release/x64/lib3ds_camera.obj
         obj/Release/x64/lib3ds_chunk.obj
         obj/Release/x64/lib3ds_chunktable.obj
         obj/Release/x64/lib3ds_file.obj
         obj/Release/x64/lib3ds_io.obj
         obj/Release/x64/lib3ds_light.obj
         obj/Release/x64/lib3ds_material.obj
         obj/Release/x64/lib3ds_math.obj
         obj/Release/x64/lib3ds_matrix.obj
         obj/Release/x64/lib3ds_mesh.obj
         obj/Release/x64/lib3ds_node.obj
         obj/Release/x64/lib3ds_quat.obj
         obj/Release/x64/lib3ds_shadow.obj
         obj/Release/x64/lib3ds_track.obj
         obj/Release/x64/lib3ds_util.obj
         obj/Release/x64/lib3ds_vector.obj
         obj/Release/x64/lib3ds_viewport.obj
         obj/Release/x64/jaricom.obj
         obj/Release/x64/jcapimin.obj
         obj/Release/x64/jcapistd.obj
         obj/Release/x64/jcarith.obj
         obj/Release/x64/jccoefct.obj
         obj/Release/x64/jccolor.obj
         obj/Release/x64/jcdctmgr.obj
         obj/Release/x64/jchuff.obj
         obj/Release/x64/jcinit.obj
         obj/Release/x64/jcmainct.obj
         obj/Release/x64/jcmarker.obj
         obj/Release/x64/jcmaster.obj
         obj/Release/x64/jcomapi.obj
         obj/Release/x64/jcparam.obj
         obj/Release/x64/jcprepct.obj
         obj/Release/x64/jcsample.obj
         obj/Release/x64/jctrans.obj
         obj/Release/x64/jdapimin.obj
         obj/Release/x64/jdapistd.obj
         obj/Release/x64/jdarith.obj
         obj/Release/x64/jdatadst.obj
         obj/Release/x64/jdatasrc.obj
         obj/Release/x64/jdcoefct.obj
         obj/Release/x64/jdcolor.obj
         obj/Release/x64/jddctmgr.obj
         obj/Release/x64/jdhuff.obj
         obj/Release/x64/jdinput.obj
         obj/Release/x64/jdmainct.obj
         obj/Release/x64/jdmarker.obj
         obj/Release/x64/jdmaster.obj
         obj/Release/x64/jdmerge.obj
         obj/Release/x64/jdpostct.obj
         obj/Release/x64/jdsample.obj
         obj/Release/x64/jdtrans.obj
         obj/Release/x64/jerror.obj
         obj/Release/x64/jfdctflt.obj
         obj/Release/x64/jfdctfst.obj
         obj/Release/x64/jfdctint.obj
         obj/Release/x64/jidctflt.obj
         obj/Release/x64/jidctfst.obj
         obj/Release/x64/jidctint.obj
         obj/Release/x64/jmemansi.obj
         obj/Release/x64/jmemmgr.obj
         obj/Release/x64/jmemnobs.obj
         obj/Release/x64/jquant1.obj
         obj/Release/x64/jquant2.obj
         obj/Release/x64/jutils.obj
         obj/Release/x64/adler32.obj
         obj/Release/x64/compress.obj
         obj/Release/x64/crc32.obj
         obj/Release/x64/deflate.obj
         obj/Release/x64/gzclose.obj
         obj/Release/x64/gzlib.obj
         obj/Release/x64/gzread.obj
         obj/Release/x64/gzwrite.obj
         obj/Release/x64/infback.obj
         obj/Release/x64/inffast.obj
         obj/Release/x64/inflate.obj
         obj/Release/x64/inftrees.obj
         obj/Release/x64/png.obj
         obj/Release/x64/pngerror.obj
         obj/Release/x64/pngget.obj
         obj/Release/x64/pngmem.obj
         obj/Release/x64/pngpread.obj
         obj/Release/x64/pngread.obj
         obj/Release/x64/pngrio.obj
         obj/Release/x64/pngrtran.obj
         obj/Release/x64/pngrutil.obj
         obj/Release/x64/pngset.obj
         obj/Release/x64/pngtrans.obj
         obj/Release/x64/pngwio.obj
         obj/Release/x64/pngwrite.obj
         obj/Release/x64/pngwtran.obj
         obj/Release/x64/pngwutil.obj
         obj/Release/x64/trees.obj
         obj/Release/x64/uncompr.obj
         obj/Release/x64/zutil.obj
         obj/Release/x64/ALc.obj
         obj/Release/x64/alcConfig.obj
         obj/Release/x64/alcDedicated.obj
         obj/Release/x64/alcEcho.obj
         obj/Release/x64/alcModulator.obj
         obj/Release/x64/alcReverb.obj
         obj/Release/x64/alcRing.obj
         obj/Release/x64/alcThread.obj
         obj/Release/x64/ALu.obj
         obj/Release/x64/dsound.obj
         obj/Release/x64/loopback.obj
         obj/Release/x64/mmdevapi.obj
         obj/Release/x64/null.obj
         obj/Release/x64/wave.obj
         obj/Release/x64/winmm.obj
         obj/Release/x64/bs2b.obj
         obj/Release/x64/helpers.obj
         obj/Release/x64/hrtf.obj
         obj/Release/x64/mixer.obj
         obj/Release/x64/mixer_c.obj
         obj/Release/x64/mixer_sse.obj
         obj/Release/x64/panning.obj
         obj/Release/x64/alAuxEffectSlot.obj
         obj/Release/x64/alBuffer.obj
         obj/Release/x64/alEffect.obj
         obj/Release/x64/alError.obj
         obj/Release/x64/alExtension.obj
         obj/Release/x64/alFilter.obj
         obj/Release/x64/alListener.obj
         obj/Release/x64/alSource.obj
         obj/Release/x64/alState.obj
         obj/Release/x64/alThunk.obj
         obj/Release/x64/pugixml.obj
         obj/Release/x64/bitwise.obj
         obj/Release/x64/framing.obj
         obj/Release/x64/analyze.obj
         obj/Release/x64/apiwrapper.obj
         obj/Release/x64/bitpack.obj
         obj/Release/x64/collect.obj
         obj/Release/x64/decapiwrapper.obj
         obj/Release/x64/decinfo.obj
         obj/Release/x64/decode.obj
         obj/Release/x64/dequant.obj
         obj/Release/x64/encapiwrapper.obj
         obj/Release/x64/encfrag.obj
         obj/Release/x64/encinfo.obj
         obj/Release/x64/encode.obj
         obj/Release/x64/encoder_disabled.obj
         obj/Release/x64/enquant.obj
         obj/Release/x64/fdct.obj
         obj/Release/x64/fragment.obj
         obj/Release/x64/huffdec.obj
         obj/Release/x64/huffenc.obj
         obj/Release/x64/idct.obj
         obj/Release/x64/infot.obj
         obj/Release/x64/internal.obj
         obj/Release/x64/mathops.obj
         obj/Release/x64/mcenc.obj
         obj/Release/x64/quant.obj
         obj/Release/x64/rate.obj
         obj/Release/x64/state.obj
         obj/Release/x64/tokenize.obj
         obj/Release/x64/mmxencfrag.obj
         obj/Release/x64/mmxfdct.obj
         obj/Release/x64/mmxfrag.obj
         obj/Release/x64/mmxidct.obj
         obj/Release/x64/mmxstate.obj
         obj/Release/x64/x86cpu.obj
         obj/Release/x64/x86enc.obj
         obj/Release/x64/x86state.obj
         obj/Release/x64/analysis.obj
         obj/Release/x64/bitrate.obj
         obj/Release/x64/block.obj
         obj/Release/x64/codebook.obj
         obj/Release/x64/envelope.obj
         obj/Release/x64/floor0.obj
         obj/Release/x64/floor1.obj
         obj/Release/x64/info.obj
         obj/Release/x64/lookup.obj
         obj/Release/x64/lpc.obj
         obj/Release/x64/lsp.obj
         obj/Release/x64/mapping0.obj
         obj/Release/x64/mdct.obj
         obj/Release/x64/psy.obj
         obj/Release/x64/registry.obj
         obj/Release/x64/res0.obj
         obj/Release/x64/sharedbook.obj
         obj/Release/x64/smallft.obj
         obj/Release/x64/synthesis.obj
         obj/Release/x64/vorbisenc.obj
         obj/Release/x64/vorbisfile.obj
         obj/Release/x64/window.obj
         obj/Release/x64/OpenAL_AudioInterface.obj
         obj/Release/x64/TheoraAsync.obj
         obj/Release/x64/TheoraAudioInterface.obj
         obj/Release/x64/TheoraAudioPacketQueue.obj
         obj/Release/x64/TheoraDataSource.obj
         obj/Release/x64/TheoraException.obj
         obj/Release/x64/TheoraFrameQueue.obj
         obj/Release/x64/TheoraTimer.obj
         obj/Release/x64/TheoraUtil.obj
         obj/Release/x64/TheoraVideoClip.obj
         obj/Release/x64/TheoraVideoFrame.obj
         obj/Release/x64/TheoraVideoManager.obj
         obj/Release/x64/TheoraWorkerThread.obj
         obj/Release/x64/TheoraVideoClip_Theora.obj
         obj/Release/x64/yuv420_grey_c.obj
         obj/Release/x64/yuv420_rgb_c.obj
         obj/Release/x64/yuv420_yuv_c.obj
         obj/Release/x64/yuv_util.obj
         obj/Release/x64/CAudioBuffer.obj
         obj/Release/x64/CAudioDevice.obj
         obj/Release/x64/CAudioSource.obj
         obj/Release/x64/CCollisionAABB.obj
         obj/Release/x64/CCollisionAABBTree.obj
         obj/Release/x64/CCollisionBrute.obj
         obj/Release/x64/CGenericCollision.obj
         obj/Release/x64/CDeltaDevices.obj
         obj/Release/x64/CGenericDevice.obj
         obj/Release/x64/CGenericHapticDevice.obj
         obj/Release/x64/CHapticDeviceHandler.obj
         obj/Release/x64/CLeapDevices.obj
         obj/Release/x64/CMyCustomDevice.obj
         obj/Release/x64/CPhantomDevices.obj
         obj/Release/x64/CSixenseDevices.obj
         obj/Release/x64/CCamera.obj
         obj/Release/x64/CFrameBuffer.obj
         obj/Release/x64/CEffectMagnet.obj
         obj/Release/x64/CEffectStickSlip.obj
         obj/Release/x64/CEffectSurface.obj
         obj/Release/x64/CEffectVibration.obj
         obj/Release/x64/CEffectViscosity.obj
         obj/Release/x64/CGenericEffect.obj
         obj/Release/x64/CFileAudioWAV.obj
         obj/Release/x64/CFileImageBMP.obj
         obj/Release/x64/CFileImageGIF.obj
         obj/Release/x64/CFileImageJPG.obj
         obj/Release/x64/CFileImagePNG.obj
         obj/Release/x64/CFileImagePPM.obj
         obj/Release/x64/CFileImageRAW.obj
         obj/Release/x64/CFileModel3DS.obj
         obj/Release/x64/CFileModelOBJ.obj
         obj/Release/x64/CFileModelSTL.obj
         obj/Release/x64/CFileXML.obj
         obj/Release/x64/CAlgorithmFingerProxy.obj
         obj/Release/x64/CAlgorithmPotentialField.obj
         obj/Release/x64/CGenericForceAlgorithm.obj
         obj/Release/x64/CColor.obj
         obj/Release/x64/CDisplayList.obj
         obj/Release/x64/CDraw3D.obj
         obj/Release/x64/CFog.obj
         obj/Release/x64/CFont.obj
         obj/Release/x64/CImage.obj
         obj/Release/x64/CMultiImage.obj
         obj/Release/x64/CPointArray.obj
         obj/Release/x64/CPrimitives.obj
         obj/Release/x64/CSegmentArray.obj
         obj/Release/x64/CTriangleArray.obj
         obj/Release/x64/CVideo.obj
         obj/Release/x64/CDirectionalLight.obj
         obj/Release/x64/CGenericLight.obj
         obj/Release/x64/CPositionalLight.obj
         obj/Release/x64/CShadowMap.obj
         obj/Release/x64/CSpotLight.obj
         obj/Release/x64/CMaterial.obj
         obj/Release/x64/CNormalMap.obj
         obj/Release/x64/CTexture1d.obj
         obj/Release/x64/CTexture2d.obj
         obj/Release/x64/CTexture3d.obj
         obj/Release/x64/CTextureVideo.obj
         obj/Release/x64/CShader.obj
         obj/Release/x64/CShaderProgram.obj
         obj/Release/x64/CGlobals.obj
         obj/Release/x64/CMutex.obj
         obj/Release/x64/CString.obj
         obj/Release/x64/CThread.obj
         obj/Release/x64/CFrequencyCounter.obj
         obj/Release/x64/CPrecisionClock.obj
         obj/Release/x64/CGenericTool.obj
         obj/Release/x64/CHapticPoint.obj
         obj/Release/x64/CToolCursor.obj
         obj/Release/x64/CToolGripper.obj
         obj/Release/x64/CBackground.obj
         obj/Release/x64/CBitmap.obj
         obj/Release/x64/CDial.obj
         obj/Release/x64/CGenericWidget.obj
         obj/Release/x64/CLabel.obj
         obj/Release/x64/CLevel.obj
         obj/Release/x64/CPanel.obj
         obj/Release/x64/CScope.obj
         obj/Release/x64/CViewPanel.obj
         obj/Release/x64/CGenericObject.obj
         obj/Release/x64/CMesh.obj
         obj/Release/x64/CMultiMesh.obj
         obj/Release/x64/CMultiPoint.obj
         obj/Release/x64/CMultiSegment.obj
         obj/Release/x64/CShapeBox.obj
         obj/Release/x64/CShapeCylinder.obj
         obj/Release/x64/CShapeLine.obj
         obj/Release/x64/CShapeSphere.obj
         obj/Release/x64/CShapeTorus.obj
         obj/Release/x64/CVoxelObject.obj
         obj/Release/x64/CWorld.obj
         obj/Release/x64/CShapeEllipsoid.obj
         CHAI3D-VS2012.vcxproj -> E:\外骨骼\chai3d\chai3d-3.2.0\lib/Release/x64/chai3d.lib
     1>已完成生成项目“E:\外骨骼\chai3d\chai3d-3.2.0\CHAI3D-VS2012.vcxproj”(Build 个目标)的操作。

生成成功。

已用时间 00:01:01.70
